2025-04-16 01:57:30.408803 - Received CBT.V508.FILE981.PDS from FILE981.XMI 
2025-04-16 01:57:30.409683 - Found $$$#DATE.txt (text/plain) in CBT.V508.FILE981.PDS, moved to PDS/$$$#DATE
2025-04-16 01:57:30.409738 - Found @FILE981.txt (text/plain) in CBT.V508.FILE981.PDS, moved to PDS/@FILE981
2025-04-16 01:57:30.409780 - Found DISUBSYS.rexx (text/plain) in CBT.V508.FILE981.PDS, moved to PDS/DISUBSYS
2025-04-16 01:57:30.409868 - Found FTPGENEX.xmi (application/xmit) in CBT.V508.FILE981.PDS, moved to PDS/FTPGENEX.xmi
2025-04-16 01:57:30.443713 - Received SDTS003.ISPFT.EXEC from FTPGENEX.xmi 
2025-04-16 01:57:30.444268 - Found FTPGEN.txt (text/plain) in SDTS003.ISPFT.EXEC, moved to FTPGENEX/FTPGEN
2025-04-16 01:57:30.444342 - Found FTPG0001.rexx (text/plain) in SDTS003.ISPFT.EXEC, moved to FTPGENEX/FTPG0001
2025-04-16 01:57:30.444385 - Found FTPG0002.rexx (text/plain) in SDTS003.ISPFT.EXEC, moved to FTPGENEX/FTPG0002
2025-04-16 01:57:30.444636 - Found FTPGENMS.xmi (application/xmit) in CBT.V508.FILE981.PDS, moved to PDS/FTPGENMS.xmi
2025-04-16 01:57:30.462997 - Received SDTS003.ISPFT.MSGS from FTPGENMS.xmi 
2025-04-16 01:57:30.463469 - Found FTPGM00.txt (text/plain) in SDTS003.ISPFT.MSGS, moved to FTPGENMS/FTPGM00
2025-04-16 01:57:30.463519 - Found FTPGM10.txt (text/plain) in SDTS003.ISPFT.MSGS, moved to FTPGENMS/FTPGM10
2025-04-16 01:57:30.463568 - Found FTPGM11.txt (text/plain) in SDTS003.ISPFT.MSGS, moved to FTPGENMS/FTPGM11
2025-04-16 01:57:30.463776 - Found FTPGENPN.xmi (application/xmit) in CBT.V508.FILE981.PDS, moved to PDS/FTPGENPN.xmi
2025-04-16 01:57:30.532068 - Received SDTS003.ISPFT.PANELS from FTPGENPN.xmi 
2025-04-16 01:57:30.532901 - Found FTPGH001.txt (text/plain) in SDTS003.ISPFT.PANELS, moved to FTPGENPN/FTPGH001
2025-04-16 01:57:30.532954 - Found FTPGH002.txt (text/plain) in SDTS003.ISPFT.PANELS, moved to FTPGENPN/FTPGH002
2025-04-16 01:57:30.532994 - Found FTPGH003.txt (text/plain) in SDTS003.ISPFT.PANELS, moved to FTPGENPN/FTPGH003
2025-04-16 01:57:30.533031 - Found FTPGH004.txt (text/plain) in SDTS003.ISPFT.PANELS, moved to FTPGENPN/FTPGH004
2025-04-16 01:57:30.533070 - Found FTPGJEWA.jcl (text/plain) in SDTS003.ISPFT.PANELS, moved to FTPGENPN/FTPGJEWA
2025-04-16 01:57:30.533109 - Found FTPG0001.txt (text/plain) in SDTS003.ISPFT.PANELS, moved to FTPGENPN/FTPG0001
2025-04-16 01:57:30.533147 - Found FTPG0002.txt (text/plain) in SDTS003.ISPFT.PANELS, moved to FTPGENPN/FTPG0002
2025-04-16 01:57:30.533185 - Found FTPG0003.txt (text/plain) in SDTS003.ISPFT.PANELS, moved to FTPGENPN/FTPG0003
2025-04-16 01:57:30.533221 - Found FTPG0004.txt (text/plain) in SDTS003.ISPFT.PANELS, moved to FTPGENPN/FTPG0004
2025-04-16 01:57:30.533260 - Found FTPG0005.txt (text/plain) in SDTS003.ISPFT.PANELS, moved to FTPGENPN/FTPG0005
2025-04-16 01:57:30.533298 - Found FTPG0006.txt (text/plain) in SDTS003.ISPFT.PANELS, moved to FTPGENPN/FTPG0006
2025-04-16 01:57:30.533627 - Found FTPGENSK.xmi (application/xmit) in CBT.V508.FILE981.PDS, moved to PDS/FTPGENSK.xmi
2025-04-16 01:57:30.701669 - Received SDTS003.ISPFT.SKELS from FTPGENSK.xmi 
2025-04-16 01:57:30.703364 - Found FTPGDDSG.txt (text/plain) in SDTS003.ISPFT.SKELS, moved to FTPGENSK/FTPGDDSG
2025-04-16 01:57:30.703415 - Found FTPGDD01.txt (text/plain) in SDTS003.ISPFT.SKELS, moved to FTPGENSK/FTPGDD01
2025-04-16 01:57:30.703453 - Found FTPGDLIM.txt (text/plain) in SDTS003.ISPFT.SKELS, moved to FTPGENSK/FTPGDLIM
2025-04-16 01:57:30.703488 - Found FTPGENDC.txt (text/plain) in SDTS003.ISPFT.SKELS, moved to FTPGENSK/FTPGENDC
2025-04-16 01:57:30.703524 - Found FTPGENDD.txt (text/plain) in SDTS003.ISPFT.SKELS, moved to FTPGENSK/FTPGENDD
2025-04-16 01:57:30.703560 - Found FTPGINDD.txt (text/plain) in SDTS003.ISPFT.SKELS, moved to FTPGENSK/FTPGINDD
2025-04-16 01:57:30.703595 - Found FTPGJCLA.jcl (text/plain) in SDTS003.ISPFT.SKELS, moved to FTPGENSK/FTPGJCLA
2025-04-16 01:57:30.703680 - Found FTPGJCLB.jcl (text/plain) in SDTS003.ISPFT.SKELS, moved to FTPGENSK/FTPGJCLB
2025-04-16 01:57:30.703719 - Found FTPGJCLC.jcl (text/plain) in SDTS003.ISPFT.SKELS, moved to FTPGENSK/FTPGJCLC
2025-04-16 01:57:30.703754 - Found FTPGJCLE.jcl (text/plain) in SDTS003.ISPFT.SKELS, moved to FTPGENSK/FTPGJCLE
2025-04-16 01:57:30.703788 - Found FTPGJCLG.jcl (text/plain) in SDTS003.ISPFT.SKELS, moved to FTPGENSK/FTPGJCLG
2025-04-16 01:57:30.703824 - Found FTPGJCLH.jcl (text/plain) in SDTS003.ISPFT.SKELS, moved to FTPGENSK/FTPGJCLH
2025-04-16 01:57:30.703859 - Found FTPGJCLK.jcl (text/plain) in SDTS003.ISPFT.SKELS, moved to FTPGENSK/FTPGJCLK
2025-04-16 01:57:30.703894 - Found FTPGJCLQ.jcl (text/plain) in SDTS003.ISPFT.SKELS, moved to FTPGENSK/FTPGJCLQ
2025-04-16 01:57:30.703930 - Found FTPGJCLT.jcl (text/plain) in SDTS003.ISPFT.SKELS, moved to FTPGENSK/FTPGJCLT
2025-04-16 01:57:30.703966 - Found FTPGJCLU.jcl (text/plain) in SDTS003.ISPFT.SKELS, moved to FTPGENSK/FTPGJCLU
2025-04-16 01:57:30.704001 - Found FTPGJCLZ.jcl (text/plain) in SDTS003.ISPFT.SKELS, moved to FTPGENSK/FTPGJCLZ
2025-04-16 01:57:30.704036 - Found FTPGJES2.jcl (text/plain) in SDTS003.ISPFT.SKELS, moved to FTPGENSK/FTPGJES2
2025-04-16 01:57:30.704072 - Found FTPGJES3.jcl (text/plain) in SDTS003.ISPFT.SKELS, moved to FTPGENSK/FTPGJES3
2025-04-16 01:57:30.704106 - Found FTPGJEWA.jcl (text/plain) in SDTS003.ISPFT.SKELS, moved to FTPGENSK/FTPGJEWA
2025-04-16 01:57:30.704142 - Found FTPGJOBC.jcl (text/plain) in SDTS003.ISPFT.SKELS, moved to FTPGENSK/FTPGJOBC
2025-04-16 01:57:30.704186 - Found FTPGNVSM.txt (text/plain) in SDTS003.ISPFT.SKELS, moved to FTPGENSK/FTPGNVSM
2025-04-16 01:57:30.704223 - Found FTPGPRM1.txt (text/plain) in SDTS003.ISPFT.SKELS, moved to FTPGENSK/FTPGPRM1
2025-04-16 01:57:30.704258 - Found FTPGPRM2.txt (text/plain) in SDTS003.ISPFT.SKELS, moved to FTPGENSK/FTPGPRM2
2025-04-16 01:57:30.704292 - Found FTPGPRM3.txt (text/plain) in SDTS003.ISPFT.SKELS, moved to FTPGENSK/FTPGPRM3
2025-04-16 01:57:30.704333 - Found FTPGRENM.txt (text/plain) in SDTS003.ISPFT.SKELS, moved to FTPGENSK/FTPGRENM
2025-04-16 01:57:30.704375 - Found FTPGSTPA.txt (text/plain) in SDTS003.ISPFT.SKELS, moved to FTPGENSK/FTPGSTPA
2025-04-16 01:57:30.704410 - Found FTPGSTPB.txt (text/plain) in SDTS003.ISPFT.SKELS, moved to FTPGENSK/FTPGSTPB
2025-04-16 01:57:30.704446 - Found FTPGSTPC.txt (text/plain) in SDTS003.ISPFT.SKELS, moved to FTPGENSK/FTPGSTPC
2025-04-16 01:57:30.704481 - Found FTPGSTPE.txt (text/plain) in SDTS003.ISPFT.SKELS, moved to FTPGENSK/FTPGSTPE
2025-04-16 01:57:30.704516 - Found FTPGSTPG.txt (text/plain) in SDTS003.ISPFT.SKELS, moved to FTPGENSK/FTPGSTPG
2025-04-16 01:57:30.704551 - Found FTPGSTPH.txt (text/plain) in SDTS003.ISPFT.SKELS, moved to FTPGENSK/FTPGSTPH
2025-04-16 01:57:30.704585 - Found FTPGSTPK.txt (text/plain) in SDTS003.ISPFT.SKELS, moved to FTPGENSK/FTPGSTPK
2025-04-16 01:57:30.704619 - Found FTPGSTPQ.txt (text/plain) in SDTS003.ISPFT.SKELS, moved to FTPGENSK/FTPGSTPQ
2025-04-16 01:57:30.704653 - Found FTPGSTPT.txt (text/plain) in SDTS003.ISPFT.SKELS, moved to FTPGENSK/FTPGSTPT
2025-04-16 01:57:30.704687 - Found FTPGSTPU.txt (text/plain) in SDTS003.ISPFT.SKELS, moved to FTPGENSK/FTPGSTPU
2025-04-16 01:57:30.704721 - Found FTPGSTPZ.txt (text/plain) in SDTS003.ISPFT.SKELS, moved to FTPGENSK/FTPGSTPZ
2025-04-16 01:57:30.705302 - Found RACFRORG.bin (application/octet-stream) in CBT.V508.FILE981.PDS, moved to PDS/RACFRORG
2025-04-16 01:57:30.705356 - Found REORGJ01.jcl (text/plain) in CBT.V508.FILE981.PDS, moved to PDS/REORGJ01
2025-04-16 01:57:30.705397 - Found REORGJ02.jcl (text/plain) in CBT.V508.FILE981.PDS, moved to PDS/REORGJ02
2025-04-16 01:57:30.705441 - Found SVCLIST.rexx (text/plain) in CBT.V508.FILE981.PDS, moved to PDS/SVCLIST
